0 silly argv { _: [ 'publish' ],
0 silly argv   composed: 'publish',
0 silly argv   lernaVersion: '3.15.0',
0 silly argv   '$0': '../../../.nvm/versions/node/v10.16.0/bin/lerna' }
1 notice cli v3.15.0
2 verbose rootPath /Users/mega-man/Programing/publish/thor
3 info versioning independent
4 verbose session 99fa60236393be7a
5 verbose user-agent lerna/3.15.0/node@v10.16.0+x64 (darwin)
6 silly argv { _: [ 'publish' ], composed: 'publish', lernaVersion: '3.15.0' }
7 verbose rootPath /Users/mega-man/Programing/publish/thor
8 silly isAnythingCommitted
9 verbose isAnythingCommitted 1
10 silly currentBranch
11 verbose currentBranch feature/publish
12 silly remoteBranchExists
13 silly isBehindUpstream
14 silly isBehindUpstream feature/publish is behind origin/feature/publish by 0 commit(s) and ahead by 0
15 silly hasTags
16 verbose hasTags true
17 silly git-describe.sync "@cross.team/core@1.1.3-1-g34164ed" => {"lastTagName":"@cross.team/core@1.1.3","lastVersion":"1.1.3","refCount":"1","sha":"34164ed","isDirty":false}
18 info Looking for changed packages since @cross.team/core@1.1.3
19 silly checking diff packages/franklin-thor-fti
20 silly found diff in packages/franklin-thor-fti/package.json
21 verbose filtered diff [ 'packages/franklin-thor-fti/package.json' ]
22 silly checking diff packages/franklin-thor-icons
23 silly no diff found in @cross.team/icons
24 silly checking diff packages/franklin-thor
25 silly found diff in packages/franklin-thor/package.json
26 verbose filtered diff [ 'packages/franklin-thor/package.json' ]
27 verbose updated @cross.team/fti
28 verbose updated @cross.team/core
29 verbose git-describe undefined => "@cross.team/core@1.1.3-1-g34164ed"
30 silly git-describe parsed => {"lastTagName":"@cross.team/core@1.1.3","lastVersion":"1.1.3","refCount":"1","sha":"34164ed","isDirty":false}
31 info execute Skipping releases
32 silly lifecycle No script for "preversion" in "@franklin-thor/workspace", continuing
33 silly lifecycle No script for "preversion" in "@cross.team/fti", continuing
34 silly lifecycle No script for "preversion" in "@cross.team/core", continuing
35 silly lifecycle No script for "version" in "@cross.team/core", continuing
36 silly lifecycle No script for "version" in "@cross.team/fti", continuing
37 silly lifecycle No script for "version" in "@franklin-thor/workspace", continuing
38 silly gitAdd [ '/Users/mega-man/Programing/publish/thor/packages/franklin-thor/package.json',
38 silly gitAdd   '/Users/mega-man/Programing/publish/thor/packages/franklin-thor-fti/package.json' ]
39 silly gitCommit Publish
39 silly gitCommit
39 silly gitCommit  - @cross.team/fti@1.1.4
39 silly gitCommit  - @cross.team/core@1.1.4
40 verbose git [ 'commit',
40 verbose git   '-F',
40 verbose git   '/private/var/folders/01/1_52tjpd75782qkw_8txjhgc0000gn/T/ad3baeb3-121e-4947-8dd7-a935aa5b7fc1/lerna-commit.txt' ]
41 silly gitTag @cross.team/fti@1.1.4
42 verbose git [ 'tag', '@cross.team/fti@1.1.4', '-m', '@cross.team/fti@1.1.4' ]
43 silly gitTag @cross.team/core@1.1.4
44 verbose git [ 'tag',
44 verbose git   '@cross.team/core@1.1.4',
44 verbose git   '-m',
44 verbose git   '@cross.team/core@1.1.4' ]
45 silly lifecycle No script for "postversion" in "@cross.team/fti", continuing
46 silly lifecycle No script for "postversion" in "@cross.team/core", continuing
47 silly lifecycle No script for "postversion" in "@franklin-thor/workspace", continuing
48 info git Pushing tags...
49 silly gitPush origin feature/publish
50 info publish Publishing packages to npm...
51 info Verifying npm credentials
52 verbose Retrieving npm user profile
53 http fetch GET 200 https://registry.npmjs.org/-/npm/v1/user 450ms
54 silly npm profile get received {"tfa":false,"name":"rudygfl","email":"rudy@telaclaims.tech","email_verified":true,"created":"2018-05-14T21:27:04.694Z","updated":"2019-08-08T18:23:43.937Z","cidr_whitelist":null,"fullname":"Rudy Gonzalez"}
55 silly npm profile get received {"username":"rudygfl"}
56 silly verifyNpmPackageAccess
57 http fetch GET 200 https://registry.npmjs.org/-/org/rudygfl/package?format=cli 228ms
58 silly getCurrentSHA
59 verbose getCurrentSHA c7db1279afa0ab262bff91df98c65c10b9b1bf1b
60 silly lifecycle No script for "prepublish" in "@franklin-thor/workspace", continuing
61 silly lifecycle No script for "prepare" in "@franklin-thor/workspace", continuing
62 silly lifecycle No script for "prepublishOnly" in "@franklin-thor/workspace", continuing
63 silly lifecycle No script for "prepack" in "@franklin-thor/workspace", continuing
64 verbose pack-directory packages/franklin-thor-fti
65 verbose pack-directory packages/franklin-thor
66 silly lifecycle No script for "prepublish" in "@cross.team/fti", continuing
67 silly lifecycle No script for "prepublish" in "@cross.team/core", continuing
68 silly lifecycle No script for "prepare" in "@cross.team/fti", continuing
69 silly lifecycle No script for "prepare" in "@cross.team/core", continuing
70 silly lifecycle No script for "prepublishOnly" in "@cross.team/fti", continuing
71 silly lifecycle No script for "prepublishOnly" in "@cross.team/core", continuing
72 silly lifecycle No script for "prepack" in "@cross.team/fti", continuing
73 silly lifecycle No script for "prepack" in "@cross.team/core", continuing
74 error
